<?xml version="1.0" encoding="UTF-8"?>
<testsuites>
  <testsuite name="fastlane.lanes">
    
    
    
      
      <testcase classname="fastlane.lanes" name="0: default_platform" time="0.000387">
        
      </testcase>
    
      
      <testcase classname="fastlane.lanes" name="1: test" time="69.704298">
        
          <failure message="/Library/Ruby/Gems/2.6.0/gems/fastlane-2.160.0/fastlane/lib/fastlane/actions/actions_helper.rb:48:in `execute_action'&#10;/Library/Ruby/Gems/2.6.0/gems/fastlane-2.160.0/fastlane/lib/fastlane/runner.rb:255:in `block in execute_action'&#10;/Library/Ruby/Gems/2.6.0/gems/fastlane-2.160.0/fastlane/lib/fastlane/runner.rb:229:in `chdir'&#10;/Library/Ruby/Gems/2.6.0/gems/fastlane-2.160.0/fastlane/lib/fastlane/runner.rb:229:in `execute_action'&#10;/Library/Ruby/Gems/2.6.0/gems/fastlane-2.160.0/fastlane/lib/fastlane/runner.rb:157:in `trigger_action_by_name'&#10;/Library/Ruby/Gems/2.6.0/gems/fastlane-2.160.0/fastlane/lib/fastlane/fast_file.rb:159:in `method_missing'&#10;Fastfile:21:in `block (2 levels) in parsing_binding'&#10;/Library/Ruby/Gems/2.6.0/gems/fastlane-2.160.0/fastlane/lib/fastlane/lane.rb:33:in `call'&#10;/Library/Ruby/Gems/2.6.0/gems/fastlane-2.160.0/fastlane/lib/fastlane/runner.rb:49:in `block in execute'&#10;/Library/Ruby/Gems/2.6.0/gems/fastlane-2.160.0/fastlane/lib/fastlane/runner.rb:45:in `chdir'&#10;/Library/Ruby/Gems/2.6.0/gems/fastlane-2.160.0/fastlane/lib/fastlane/runner.rb:45:in `execute'&#10;/Library/Ruby/Gems/2.6.0/gems/fastlane-2.160.0/fastlane/lib/fastlane/lane_manager.rb:47:in `cruise_lane'&#10;/Library/Ruby/Gems/2.6.0/gems/fastlane-2.160.0/fastlane/lib/fastlane/command_line_handler.rb:36:in `handle'&#10;/Library/Ruby/Gems/2.6.0/gems/fastlane-2.160.0/fastlane/lib/fastlane/commands_generator.rb:108:in `block (2 levels) in run'&#10;/Library/Ruby/Gems/2.6.0/gems/commander-fastlane-4.4.6/lib/commander/command.rb:178:in `call'&#10;/Library/Ruby/Gems/2.6.0/gems/commander-fastlane-4.4.6/lib/commander/command.rb:153:in `run'&#10;/Library/Ruby/Gems/2.6.0/gems/commander-fastlane-4.4.6/lib/commander/runner.rb:476:in `run_active_command'&#10;/Library/Ruby/Gems/2.6.0/gems/fastlane-2.160.0/fastlane_core/lib/fastlane_core/ui/fastlane_runner.rb:76:in `run!'&#10;/Library/Ruby/Gems/2.6.0/gems/commander-fastlane-4.4.6/lib/commander/delegates.rb:15:in `run!'&#10;/Library/Ruby/Gems/2.6.0/gems/fastlane-2.160.0/fastlane/lib/fastlane/commands_generator.rb:352:in `run'&#10;/Library/Ruby/Gems/2.6.0/gems/fastlane-2.160.0/fastlane/lib/fastlane/commands_generator.rb:41:in `start'&#10;/Library/Ruby/Gems/2.6.0/gems/fastlane-2.160.0/fastlane/lib/fastlane/cli_tools_distributor.rb:119:in `take_off'&#10;/Library/Ruby/Gems/2.6.0/gems/fastlane-2.160.0/bin/fastlane:23:in `&lt;top (required)&gt;'&#10;/usr/local/bin/fastlane:23:in `load'&#10;/usr/local/bin/fastlane:23:in `&lt;top (required)&gt;'&#10;/Library/Ruby/Gems/2.6.0/gems/bundler-2.0.2/lib/bundler/cli/exec.rb:74:in `load'&#10;/Library/Ruby/Gems/2.6.0/gems/bundler-2.0.2/lib/bundler/cli/exec.rb:74:in `kernel_load'&#10;/Library/Ruby/Gems/2.6.0/gems/bundler-2.0.2/lib/bundler/cli/exec.rb:28:in `run'&#10;/Library/Ruby/Gems/2.6.0/gems/bundler-2.0.2/lib/bundler/cli.rb:465:in `exec'&#10;/Library/Ruby/Gems/2.6.0/gems/bundler-2.0.2/lib/bundler/vendor/thor/lib/thor/command.rb:27:in `run'&#10;/Library/Ruby/Gems/2.6.0/gems/bundler-2.0.2/lib/bundler/vendor/thor/lib/thor/invocation.rb:126:in `invoke_command'&#10;/Library/Ruby/Gems/2.6.0/gems/bundler-2.0.2/lib/bundler/vendor/thor/lib/thor.rb:387:in `dispatch'&#10;/Library/Ruby/Gems/2.6.0/gems/bundler-2.0.2/lib/bundler/cli.rb:27:in `dispatch'&#10;/Library/Ruby/Gems/2.6.0/gems/bundler-2.0.2/lib/bundler/vendor/thor/lib/thor/base.rb:466:in `start'&#10;/Library/Ruby/Gems/2.6.0/gems/bundler-2.0.2/lib/bundler/cli.rb:18:in `start'&#10;/Library/Ruby/Gems/2.6.0/gems/bundler-2.0.2/exe/bundle:30:in `block in &lt;top (required)&gt;'&#10;/Library/Ruby/Gems/2.6.0/gems/bundler-2.0.2/lib/bundler/friendly_errors.rb:124:in `with_friendly_errors'&#10;/Library/Ruby/Gems/2.6.0/gems/bundler-2.0.2/exe/bundle:22:in `&lt;top (required)&gt;'&#10;/usr/local/bin/bundle:23:in `load'&#10;/usr/local/bin/bundle:23:in `&lt;main&gt;'&#10;&#10;Exit status of command '/Users/user/Documents/Instant-Weather/gradlew test -p .' was 1 instead of 0.&#10;Starting a Gradle Daemon, 1 incompatible Daemon could not be reused, use --status for details&#10;&#10;&gt; Configure project :app&#10;WARNING: DSL element 'android.dataBinding.enabled' is obsolete and has been replaced with 'android.buildFeatures.dataBinding'.&#10;It will be removed in version 5.0 of the Android Gradle plugin.&#10;&#10;&gt; Task :app:preBuild UP-TO-DATE&#10;&gt; Task :app:preDebugBuild UP-TO-DATE&#10;&gt; Task :app:compileDebugAidl NO-SOURCE&#10;&gt; Task :app:generateDebugBuildConfig UP-TO-DATE&#10;&gt; Task :app:writeDebugApplicationId UP-TO-DATE&#10;&gt; Task :app:compileDebugRenderscript NO-SOURCE&#10;&gt; Task :app:generateSafeArgsDebug UP-TO-DATE&#10;&gt; Task :app:prepareLintJar UP-TO-DATE&#10;&gt; Task :app:prepareLintJarForPublish UP-TO-DATE&#10;&gt; Task :app:generateDebugSources UP-TO-DATE&#10;&gt; Task :app:dataBindingExportBuildInfoDebug UP-TO-DATE&#10;&gt; Task :app:dataBindingMergeDependencyArtifactsDebug UP-TO-DATE&#10;&gt; Task :app:dataBindingMergeGenClassesDebug UP-TO-DATE&#10;&gt; Task :app:generateDebugResValues UP-TO-DATE&#10;&gt; Task :app:generateDebugResources UP-TO-DATE&#10;&gt; Task :app:mergeDebugResources&#10;&gt; Task :app:dataBindingGenBaseClassesDebug UP-TO-DATE&#10;&gt; Task :app:dataBindingExportFeaturePackageIdsDebug UP-TO-DATE&#10;&gt; Task :app:createDebugCompatibleScreenManifests UP-TO-DATE&#10;&gt; Task :app:extractDeepLinksDebug UP-TO-DATE&#10;&gt; Task :app:processDebugManifest&#10;&gt; Task :app:javaPreCompileDebug UP-TO-DATE&#10;&gt; Task :app:preDebugUnitTestBuild UP-TO-DATE&#10;&gt; Task :app:javaPreCompileDebugUnitTest UP-TO-DATE&#10;&gt; Task :app:mergeDebugShaders UP-TO-DATE&#10;&gt; Task :app:compileDebugShaders NO-SOURCE&#10;&gt; Task :app:generateDebugAssets UP-TO-DATE&#10;&gt; Task :app:mergeDebugAssets UP-TO-DATE&#10;&gt; Task :app:processDebugJavaRes NO-SOURCE&#10;&gt; Task :app:processDebugUnitTestJavaRes NO-SOURCE&#10;&gt; Task :app:processDebugResources&#10;&gt; Task :app:kaptGenerateStubsDebugKotlin&#10;&gt; Task :app:packageDebugUnitTestForUnitTest&#10;&gt; Task :app:generateDebugUnitTestConfig&#10;&gt; Task :app:preReleaseBuild UP-TO-DATE&#10;&gt; Task :app:compileReleaseAidl NO-SOURCE&#10;&gt; Task :app:generateReleaseBuildConfig&#10;&gt; Task :app:compileReleaseRenderscript NO-SOURCE&#10;&gt; Task :app:writeReleaseApplicationId&#10;&gt; Task :app:generateSafeArgsRelease&#10;&gt; Task :app:generateReleaseSources&#10;&gt; Task :app:dataBindingExportBuildInfoRelease&#10;&gt; Task :app:dataBindingMergeDependencyArtifactsRelease&#10;&gt; Task :app:generateReleaseResValues&#10;&gt; Task :app:generateReleaseResources&#10;&gt; Task :app:dataBindingMergeGenClassesRelease&#10;&gt; Task :app:dataBindingExportFeaturePackageIdsRelease&#10;&gt; Task :app:createReleaseCompatibleScreenManifests&#10;&gt; Task :app:extractDeepLinksRelease&#10;&gt; Task :app:processReleaseManifest&#10;&gt; Task :app:preReleaseUnitTestBuild UP-TO-DATE&#10;&gt; Task :app:mergeReleaseResources&#10;&gt; Task :app:dataBindingGenBaseClassesRelease&#10;&gt; Task :app:processReleaseResources&#10;&#10;&gt; Task :app:kaptDebugKotlin&#10;[WARN] Incremental annotation processing requested, but support is disabled because the following processors are not incremental: androidx.room.RoomProcessor (DYNAMIC).&#10;ANTLR Tool version 4.5.3 used for code generation does not match the current runtime version 4.7.1ANTLR Runtime version 4.5.3 used for parser compilation does not match the current runtime version 4.7.1ANTLR Tool version 4.5.3 used for code generation does not match the current runtime version 4.7.1ANTLR Runtime version 4.5.3 used for parser compilation does not match the current runtime version 4.7.1&#10;&gt; Task :app:kaptGenerateStubsReleaseKotlin&#10;&gt; Task :app:javaPreCompileReleaseUnitTest&#10;&#10;&gt; Task :app:kaptReleaseKotlin&#10;[WARN] Incremental annotation processing requested, but support is disabled because the following processors are not incremental: androidx.room.RoomProcessor (DYNAMIC).&#10;ANTLR Tool version 4.5.3 used for code generation does not match the current runtime version 4.7.1ANTLR Runtime version 4.5.3 used for parser compilation does not match the current runtime version 4.7.1ANTLR Tool version 4.5.3 used for code generation does not match the current runtime version 4.7.1ANTLR Runtime version 4.5.3 used for parser compilation does not match the current runtime version 4.7.1&#10;&gt; Task :app:compileDebugKotlin&#10;w: /Users/user/Documents/Instant-Weather/app/src/main/java/com/mayokunadeniyi/instantweather/ui/forecast/ForecastFragment.kt: (106, 65): 'getter for date: Int' is deprecated. Deprecated in Java&#10;w: /Users/user/Documents/Instant-Weather/app/src/main/java/com/mayokunadeniyi/instantweather/ui/forecast/ForecastFragment.kt: (107, 67): 'getter for month: Int' is deprecated. Deprecated in Java&#10;w: /Users/user/Documents/Instant-Weather/app/src/main/java/com/mayokunadeniyi/instantweather/ui/forecast/ForecastFragment.kt: (108, 66): 'getter for year: Int' is deprecated. Deprecated in Java&#10;w: /Users/user/Documents/Instant-Weather/app/src/main/java/com/mayokunadeniyi/instantweather/ui/home/HomeFragment.kt: (88, 25): 'requestPermissions(Array&lt;(out) String!&gt;, Int): Unit' is deprecated. Deprecated in Java&#10;w: /Users/user/Documents/Instant-Weather/app/src/main/java/com/mayokunadeniyi/instantweather/ui/home/HomeFragment.kt: (102, 17): 'requestPermissions(Array&lt;(out) String!&gt;, Int): Unit' is deprecated. Deprecated in Java&#10;w: /Users/user/Documents/Instant-Weather/app/src/main/java/com/mayokunadeniyi/instantweather/ui/home/HomeFragment.kt: (236, 15): 'onActivityResult(Int, Int, Intent?): Unit' is deprecated. Deprecated in Java&#10;w: /Users/user/Documents/Instant-Weather/app/src/main/java/com/mayokunadeniyi/instantweather/ui/home/HomeFragment.kt: (274, 15): 'onRequestPermissionsResult(Int, Array&lt;(out) String!&gt;, IntArray): Unit' is deprecated. Deprecated in Java&#10;w: /Users/user/Documents/Instant-Weather/app/src/main/java/com/mayokunadeniyi/instantweather/ui/searchdetail/SearchDetailFragment.kt: (37, 15): 'onActivityCreated(Bundle?): Unit' is deprecated. Deprecated in Java&#10;w: /Users/user/Documents/Instant-Weather/app/src/main/java/com/mayokunadeniyi/instantweather/utils/Utils.kt: (22, 9): Unsafe use of a nullable receiver of type Number?&#10;&#10;&gt; Task :app:compileDebugJavaWithJavac&#10;&gt; Task :app:kaptGenerateStubsDebugUnitTestKotlin&#10;&#10;&gt; Task :app:kaptDebugUnitTestKotlin&#10;Annotation processors discovery from compile classpath is deprecated.&#10;Set 'kapt.includeCompileClasspath = false' to disable discovery.&#10;Run the build with '--info' for more details.&#10;&#10;&gt; Task :app:compileDebugUnitTestKotlin&#10;w: /Users/user/Documents/Instant-Weather/app/src/sharedTest/java/com/mayokunadeniyi/instantweather/RecyclerViewMatcher.kt: (40, 37): Condition 'recyclerView != null' is always 'true'&#10;w: /Users/user/Documents/Instant-Weather/app/src/test/java/com/mayokunadeniyi/instantweather/data/source/repository/WeatherRepositoryTest.kt: (74, 21): 'assertThat(T!, Matcher&lt;in T!&gt;!): Unit' is deprecated. Deprecated in Java&#10;w: /Users/user/Documents/Instant-Weather/app/src/test/java/com/mayokunadeniyi/instantweather/data/source/repository/WeatherRepositoryTest.kt: (75, 21): 'assertThat(T!, Matcher&lt;in T!&gt;!): Unit' is deprecated. Deprecated in Java&#10;w: /Users/user/Documents/Instant-Weather/app/src/test/java/com/mayokunadeniyi/instantweather/data/source/repository/WeatherRepositoryTest.kt: (76, 21): 'assertThat(T!, Matcher&lt;in T!&gt;!): Unit' is deprecated. Deprecated in Java&#10;w: /Users/user/Documents/Instant-Weather/app/src/test/java/com/mayokunadeniyi/instantweather/data/source/repository/WeatherRepositoryTest.kt: (77, 21): 'assertThat(T!, Matcher&lt;in T!&gt;!): Unit' is deprecated. Deprecated in Java&#10;w: /Users/user/Documents/Instant-Weather/app/src/test/java/com/mayokunadeniyi/instantweather/data/source/repository/WeatherRepositoryTest.kt: (78, 21): 'assertThat(T!, Matcher&lt;in T!&gt;!): Unit' is deprecated. Deprecated in Java&#10;w: /Users/user/Documents/Instant-Weather/app/src/test/java/com/mayokunadeniyi/instantweather/data/source/repository/WeatherRepositoryTest.kt: (82, 21): 'assertThat(T!, Matcher&lt;in T!&gt;!): Unit' is deprecated. Deprecated in Java&#10;w: /Users/user/Documents/Instant-Weather/app/src/test/java/com/mayokunadeniyi/instantweather/data/source/repository/WeatherRepositoryTest.kt: (105, 21): 'assertThat(T!, Matcher&lt;in T!&gt;!): Unit' is deprecated. Deprecated in Java&#10;w: /Users/user/Documents/Instant-Weather/app/src/test/java/com/mayokunadeniyi/instantweather/data/source/repository/WeatherRepositoryTest.kt: (106, 21): 'assertThat(T!, Matcher&lt;in T!&gt;!): Unit' is deprecated. Deprecated in Java&#10;w: /Users/user/Documents/Instant-Weather/app/src/test/java/com/mayokunadeniyi/instantweather/data/source/repository/WeatherRepositoryTest.kt: (107, 21): 'assertThat(T!, Matcher&lt;in T!&gt;!): Unit' is deprecated. Deprecated in Java&#10;w: /Users/user/Documents/Instant-Weather/app/src/test/java/com/mayokunadeniyi/instantweather/data/source/repository/WeatherRepositoryTest.kt: (108, 21): 'assertThat(T!, Matcher&lt;in T!&gt;!): Unit' is deprecated. Deprecated in Java&#10;w: /Users/user/Documents/Instant-Weather/app/src/test/java/com/mayokunadeniyi/instantweather/data/source/repository/WeatherRepositoryTest.kt: (109, 21): 'assertThat(T!, Matcher&lt;in T!&gt;!): Unit' is deprecated. Deprecated in Java&#10;w: /Users/user/Documents/Instant-Weather/app/src/test/java/com/mayokunadeniyi/instantweather/data/source/repository/WeatherRepositoryTest.kt: (113, 21): 'assertThat(T!, Matcher&lt;in T!&gt;!): Unit' is deprecated. Deprecated in Java&#10;w: /Users/user/Documents/Instant-Weather/app/src/test/java/com/mayokunadeniyi/instantweather/data/source/repository/WeatherRepositoryTest.kt: (137, 21): 'assertThat(T!, Matcher&lt;in T!&gt;!): Unit' is deprecated. Deprecated in Java&#10;w: /Users/user/Documents/Instant-Weather/app/src/test/java/com/mayokunadeniyi/instantweather/data/source/repository/WeatherRepositoryTest.kt: (156, 21): 'assertThat(T!, Matcher&lt;in T!&gt;!): Unit' is deprecated. Deprecated in Java&#10;w: /Users/user/Documents/Instant-Weather/app/src/test/java/com/mayokunadeniyi/instantweather/data/source/repository/WeatherRepositoryTest.kt: (176, 21): 'assertThat(T!, Matcher&lt;in T!&gt;!): Unit' is deprecated. Deprecated in Java&#10;w: /Users/user/Documents/Instant-Weather/app/src/test/java/com/mayokunadeniyi/instantweather/data/source/repository/WeatherRepositoryTest.kt: (177, 21): 'assertThat(T!, Matcher&lt;in T!&gt;!): Unit' is deprecated. Deprecated in Java&#10;w: /Users/user/Documents/Instant-Weather/app/src/test/java/com/mayokunadeniyi/instantweather/data/source/repository/WeatherRepositoryTest.kt: (178, 21): 'assertThat(T!, Matcher&lt;in T!&gt;!): Unit' is deprecated. Deprecated in Java&#10;w: /Users/user/Documents/Instant-Weather/app/src/test/java/com/mayokunadeniyi/instantweather/data/source/repository/WeatherRepositoryTest.kt: (179, 21): 'assertThat(T!, Matcher&lt;in T!&gt;!): Unit' is deprecated. Deprecated in Java&#10;w: /Users/user/Documents/Instant-Weather/app/src/test/java/com/mayokunadeniyi/instantweather/data/source/repository/WeatherRepositoryTest.kt: (180, 21): 'assertThat(T!, Matcher&lt;in T!&gt;!): Unit' is deprecated. Deprecated in Java&#10;w: /Users/user/Documents/Instant-Weather/app/src/test/java/com/mayokunadeniyi/instantweather/data/source/repository/WeatherRepositoryTest.kt: (184, 21): 'assertThat(T!, Matcher&lt;in T!&gt;!): Unit' is deprecated. Deprecated in Java&#10;w: /Users/user/Documents/Instant-Weather/app/src/test/java/com/mayokunadeniyi/instantweather/data/source/repository/WeatherRepositoryTest.kt: (207, 21): 'assertThat(T!, Matcher&lt;in T!&gt;!): Unit' is deprecated. Deprecated in Java&#10;w: /Users/user/Documents/Instant-Weather/app/src/test/java/com/mayokunadeniyi/instantweather/data/source/repository/WeatherRepositoryTest.kt: (208, 21): 'assertThat(T!, Matcher&lt;in T!&gt;!): Unit' is deprecated. Deprecated in Java&#10;w: /Users/user/Documents/Instant-Weather/app/src/test/java/com/mayokunadeniyi/instantweather/data/source/repository/WeatherRepositoryTest.kt: (209, 21): 'assertThat(T!, Matcher&lt;in T!&gt;!): Unit' is deprecated. Deprecated in Java&#10;w: /Users/user/Documents/Instant-Weather/app/src/test/java/com/mayokunadeniyi/instantweather/data/source/repository/WeatherRepositoryTest.kt: (210, 21): 'assertThat(T!, Matcher&lt;in T!&gt;!): Unit' is deprecated. Deprecated in Java&#10;w: /Users/user/Documents/Instant-Weather/app/src/test/java/com/mayokunadeniyi/instantweather/data/source/repository/WeatherRepositoryTest.kt: (211, 21): 'assertThat(T!, Matcher&lt;in T!&gt;!): Unit' is deprecated. Deprecated in Java&#10;w: /Users/user/Documents/Instant-Weather/app/src/test/java/com/mayokunadeniyi/instantweather/data/source/repository/WeatherRepositoryTest.kt: (215, 21): 'assertThat(T!, Matcher&lt;in T!&gt;!): Unit' is deprecated. Deprecated in Java&#10;w: /Users/user/Documents/Instant-Weather/app/src/test/java/com/mayokunadeniyi/instantweather/data/source/repository/WeatherRepositoryTest.kt: (237, 21): 'assertThat(T!, Matcher&lt;in T!&gt;!): Unit' is deprecated. Deprecated in Java&#10;w: /Users/user/Documents/Instant-Weather/app/src/test/java/com/mayokunadeniyi/instantweather/data/source/repository/WeatherRepositoryTest.kt: (254, 21): 'assertThat(T!, Matcher&lt;in T!&gt;!): Unit' is deprecated. Deprecated in Java&#10;w: /Users/user/Documents/Instant-Weather/app/src/test/java/com/mayokunadeniyi/instantweather/data/source/repository/WeatherRepositoryTest.kt: (255, 21): 'assertThat(T!, Matcher&lt;in T!&gt;!): Unit' is deprecated. Deprecated in Java&#10;w: /Users/user/Documents/Instant-Weather/app/src/test/java/com/mayokunadeniyi/instantweather/data/source/repository/WeatherRepositoryTest.kt: (256, 21): 'assertThat(T!, Matcher&lt;in T!&gt;!): Unit' is deprecated. Deprecated in Java&#10;w: /Users/user/Documents/Instant-Weather/app/src/test/java/com/mayokunadeniyi/instantweather/data/source/repository/WeatherRepositoryTest.kt: (257, 21): 'assertThat(T!, Matcher&lt;in T!&gt;!): Unit' is deprecated. Deprecated in Java&#10;w: /Users/user/Documents/Instant-Weather/app/src/test/java/com/mayokunadeniyi/instantweather/data/source/repository/WeatherRepositoryTest.kt: (258, 21): 'assertThat(T!, Matcher&lt;in T!&gt;!): Unit' is deprecated. Deprecated in Java&#10;w: /Users/user/Documents/Instant-Weather/app/src/test/java/com/mayokunadeniyi/instantweather/data/source/repository/WeatherRepositoryTest.kt: (262, 21): 'assertThat(T!, Matcher&lt;in T!&gt;!): Unit' is deprecated. Deprecated in Java&#10;&#10;&gt; Task :app:compileDebugUnitTestJavaWithJavac NO-SOURCE&#10;&#10;&gt; Task :app:testDebugUnitTest&#10;WARNING: An illegal reflective access operation has occurred&#10;WARNING: Illegal reflective access by org.robolectric.util.ReflectionHelpers$6 (file:/Users/user/.gradle/caches/transforms-2/files-2.1/1702be179376b81e0005627b5b16ddaf/jetified-shadowapi-4.3.1.jar) to method java.lang.ClassLoader.getPackage(java.lang.String)&#10;WARNING: Please consider reporting this to the maintainers of org.robolectric.util.ReflectionHelpers$6&#10;WARNING: Use --illegal-access=warn to enable warnings of further illegal reflective access operations&#10;WARNING: All illegal access operations will be denied in a future release&#10;&#10;com.mayokunadeniyi.instantweather.ui.home.HomeFragmentViewModelTest &gt; assert that refreshWeather receives an error from the repository  FAILED&#10;    java.lang.RuntimeException at ReflectionHelpers.java:223&#10;        Caused by: java.lang.RuntimeException at ReflectionHelpers.java:208&#10;            Caused by: java.lang.IllegalAccessException at UnsafeFieldAccessorImpl.java:76&#10;&#10;com.mayokunadeniyi.instantweather.ui.home.HomeFragmentViewModelTest &gt; assert that refreshWeather receives null data from the repository  FAILED&#10;    java.lang.RuntimeException at ReflectionHelpers.java:223&#10;        Caused by: java.lang.RuntimeException at ReflectionHelpers.java:208&#10;            Caused by: java.lang.IllegalAccessException at UnsafeFieldAccessorImpl.java:76&#10;&#10;com.mayokunadeniyi.instantweather.ui.home.HomeFragmentViewModelTest &gt; assert that getWeather receives null data from the repository  FAILED&#10;    java.lang.RuntimeException at ReflectionHelpers.java:223&#10;        Caused by: java.lang.RuntimeException at ReflectionHelpers.java:208&#10;            Caused by: java.lang.IllegalAccessException at UnsafeFieldAccessorImpl.java:76&#10;&#10;com.mayokunadeniyi.instantweather.ui.home.HomeFragmentViewModelTest &gt; assert that getWeather receives an error from the repository  FAILED&#10;    java.lang.RuntimeException at ReflectionHelpers.java:223&#10;        Caused by: java.lang.RuntimeException at ReflectionHelpers.java:208&#10;            Caused by: java.lang.IllegalAccessException at UnsafeFieldAccessorImpl.java:76&#10;&#10;com.mayokunadeniyi.instantweather.ui.home.HomeFragmentViewModelTest &gt; assert that getWeather receives weather data from the repository successfully  FAILED&#10;    java.lang.RuntimeException at ReflectionHelpers.java:223&#10;        Caused by: java.lang.RuntimeException at ReflectionHelpers.java:208&#10;            Caused by: java.lang.IllegalAccessException at UnsafeFieldAccessorImpl.java:76&#10;&#10;com.mayokunadeniyi.instantweather.ui.home.HomeFragmentViewModelTest &gt; assert that refreshWeather receives weather data from the repository successfully  FAILED&#10;    java.lang.RuntimeException at ReflectionHelpers.java:223&#10;        Caused by: java.lang.RuntimeException at ReflectionHelpers.java:208&#10;            Caused by: java.lang.IllegalAccessException at UnsafeFieldAccessorImpl.java:76&#10;&#10;23 tests completed, 6 failed&#10;&#10;&gt; Task :app:testDebugUnitTest FAILED&#10;&gt; Task :app:javaPreCompileRelease&#10;&#10;FAILURE: Build failed with an exception.&#10;&#10;* What went wrong:&#10;Execution failed for task ':app:testDebugUnitTest'.&#10;&gt; There were failing tests. See the report at: file:///Users/user/Documents/Instant-Weather/app/build/reports/tests/testDebugUnitTest/index.html&#10;&#10;* Try:&#10;Run with --stacktrace option to get the stack trace. Run with --info or --debug option to get more log output. Run with --scan to get full insights.&#10;&#10;* Get more help at https://help.gradle.org&#10;&#10;BUILD FAILED in 1m 8s&#10;48 actionable tasks: 31 executed, 17 up-to-date&#10;" />
        
      </testcase>
    
  </testsuite>
</testsuites>
